<?xml version="1.0" encoding="UTF-8"?>
<!-- Generated by org.testng.reporters.JUnitXMLReporter -->
<testsuite ignored="0" hostname="DESKTOP-M3ID0UC" failures="0" tests="5" name="Functional test" time="0.053" errors="0" timestamp="27 Mar 2024 07:20:41 GMT">
  <testcase classname="BatchTesting.PaymentTest" name="CashOnDelivery" time="0.009"/>
  <testcase classname="BatchTesting.PaymentTest" name="NetBanking" time="0.001"/>
  <testcase classname="BatchTesting.ProductPage" name="addProductToCart" time="0.001"/>
  <testcase classname="BatchTesting.ProductPage" name="addProductToWishlish" time="0.001"/>
  <testcase classname="BatchTesting.ProductPage" name="selectQuantity" time="0.0"/>
</testsuite> <!-- Functional test -->
