<?xml version="1.0" encoding="UTF-8"?>
<!-- Generated by org.testng.reporters.JUnitXMLReporter -->
<testsuite ignored="1" hostname="DESKTOP-M3ID0UC" failures="0" tests="3" name="Test" time="16.079" errors="0" timestamp="02 Apr 2024 06:30:15 GMT">
  <testcase classname="DataProvider.TestngDataProvider" name="loginWithDPClass" time="0.421"/>
  <testcase classname="DataProvider.TestngDataProvider" name="loginWithDPClass" time="0.408"/>
  <testcase classname="DataProvider.TestngDataProvider" name="loginWithDPClass" time="0.471"/>
  <testcase classname="DataProvider.TestngDataProvider" name="login" time="0.0">
    <ignored/>
  </testcase> <!-- login -->
</testsuite> <!-- Test -->
