<?xml version="1.0" encoding="UTF-8"?>
<!-- Generated by org.testng.reporters.JUnitXMLReporter -->
<testsuite ignored="0" hostname="DESKTOP-M3ID0UC" failures="0" tests="0" time="0.022" errors="0" timestamp="01 Jan 2024 10:33:26 GMT">
  <testcase classname="selenium.UploadFile" name="@BeforeTest setup" time="0.0">
    <failure type="org.testng.TestNGException" message="
Can inject only one of &amp;lt;ITestContext, XmlTest&amp;gt; into a @BeforeTest annotated setup.
For more information on native dependency injection please refer to http://testng.org/doc/documentation-main.html#native-dependency-injection">
      <![CDATA[org.testng.TestNGException: 
Can inject only one of <ITestContext, XmlTest> into a @BeforeTest annotated setup.
For more information on native dependency injection please refer to http://testng.org/doc/documentation-main.html#native-dependency-injection
... Removed 21 stack frames]]>
    </failure>
  </testcase> <!-- @BeforeTest setup -->
</testsuite>
