<?xml version="1.0" encoding="UTF-8"?>
<!-- Generated by org.testng.reporters.JUnitXMLReporter -->
<testsuite ignored="0" hostname="DESKTOP-M3ID0UC" failures="0" tests="3" name="Default test" time="14.232" errors="0" timestamp="03 Apr 2024 05:43:53 GMT">
  <testcase classname="DataProvider.DPwithExcel" name="login" time="0.261"/>
  <testcase classname="DataProvider.DPwithExcel" name="login" time="0.208"/>
  <testcase classname="DataProvider.DPwithExcel" name="login" time="0.198"/>
</testsuite> <!-- Default test -->
