<?xml version="1.0" encoding="UTF-8"?>
<!-- Generated by org.testng.reporters.JUnitXMLReporter -->
<testsuite ignored="0" hostname="DESKTOP-M3ID0UC" failures="0" tests="7" name="Default test" time="0.046" errors="0" timestamp="26 Mar 2024 08:14:44 GMT">
  <testcase classname="TestNGDemo.TestInvocationCount" name="testMethod1" time="0.008"/>
  <testcase classname="TestNGDemo.TestInvocationCount" name="testMethod1" time="0.001"/>
  <testcase classname="TestNGDemo.TestInvocationCount" name="testMethod2" time="0.001"/>
  <testcase classname="TestNGDemo.TestInvocationCount" name="testMethod2" time="0.002"/>
  <testcase classname="TestNGDemo.TestInvocationCount" name="testMethod2" time="0.001"/>
  <testcase classname="TestNGDemo.TestInvocationCount" name="testMethod2" time="0.002"/>
  <testcase classname="TestNGDemo.TestInvocationCount" name="testMethod2" time="0.001"/>
</testsuite> <!-- Default test -->
