<?xml version="1.0" encoding="UTF-8"?>
<!-- Generated by org.testng.reporters.JUnitXMLReporter -->
<testsuite ignored="1" hostname="DESKTOP-M3ID0UC" failures="1" tests="2" name="Default test(failed)" time="0.043" errors="0" timestamp="27 Mar 2024 07:29:05 GMT">
  <testcase classname="TestNGDemo.TestngListener" name="testSkipped" time="0.008">
    <skipped/>
  </testcase> <!-- testSkipped -->
  <testcase classname="TestNGDemo.TestngListener" name="testFail" time="0.003">
    <failure type="java.lang.AssertionError" message="expected [true] but found [false]">
      <![CDATA[java.lang.AssertionError: expected [true] but found [false]
at TestNGDemo.TestngListener.testFail(TestngListener.java:37)
... Removed 29 stack frames]]>
    </failure>
  </testcase> <!-- testFail -->
  <testcase classname="TestNGDemo.TestngListener" name="login" time="0.0">
    <ignored/>
  </testcase> <!-- login -->
</testsuite> <!-- Default test(failed) -->
