<?xml version="1.0" encoding="UTF-8"?>
<testng-results ignored="0" total="3" passed="3" failed="0" skipped="0">
  <reporter-output>
  </reporter-output>
  <suite started-at="2024-04-03T05:43:38Z" name="Default suite" finished-at="2024-04-03T05:43:53Z" duration-ms="14232">
    <groups>
    </groups>
    <test started-at="2024-04-03T05:43:38Z" name="Default test" finished-at="2024-04-03T05:43:53Z" duration-ms="14232">
      <class name="DataProvider.DPwithExcel">
        <test-method is-config="true" signature="setup()[pri:0, instance:DataProvider.DPwithExcel@42530531]" started-at="2024-04-03T05:43:39Z" name="setup" finished-at="2024-04-03T05:43:43Z" duration-ms="4329" status="PASS">
          <reporter-output>
          </reporter-output>
        </test-method> <!-- setup -->
        <test-method signature="login(java.lang.String, java.lang.String)[pri:0, instance:DataProvider.DPwithExcel@42530531]" started-at="2024-04-03T05:43:43Z" name="login" data-provider="login" finished-at="2024-04-03T05:43:44Z" duration-ms="261" status="PASS">
          <params>
            <param index="0">
              <value>
                <![CDATA[standard_user]]>
              </value>
            </param>
            <param index="1">
              <value>
                <![CDATA[secret_sauce]]>
              </value>
            </param>
          </params>
          <reporter-output>
          </reporter-output>
        </test-method> <!-- login -->
        <test-method is-config="true" signature="setup()[pri:0, instance:DataProvider.DPwithExcel@42530531]" started-at="2024-04-03T05:43:44Z" name="setup" finished-at="2024-04-03T05:43:48Z" duration-ms="4168" status="PASS">
          <reporter-output>
          </reporter-output>
        </test-method> <!-- setup -->
        <test-method signature="login(java.lang.String, java.lang.String)[pri:0, instance:DataProvider.DPwithExcel@42530531]" started-at="2024-04-03T05:43:48Z" name="login" data-provider="login" finished-at="2024-04-03T05:43:48Z" duration-ms="208" status="PASS">
          <params>
            <param index="0">
              <value>
                <![CDATA[locked_out_user]]>
              </value>
            </param>
            <param index="1">
              <value>
                <![CDATA[secret_sauce]]>
              </value>
            </param>
          </params>
          <reporter-output>
          </reporter-output>
        </test-method> <!-- login -->
        <test-method is-config="true" signature="setup()[pri:0, instance:DataProvider.DPwithExcel@42530531]" started-at="2024-04-03T05:43:48Z" name="setup" finished-at="2024-04-03T05:43:52Z" duration-ms="4370" status="PASS">
          <reporter-output>
          </reporter-output>
        </test-method> <!-- setup -->
        <test-method signature="login(java.lang.String, java.lang.String)[pri:0, instance:DataProvider.DPwithExcel@42530531]" started-at="2024-04-03T05:43:52Z" name="login" data-provider="login" finished-at="2024-04-03T05:43:53Z" duration-ms="198" status="PASS">
          <params>
            <param index="0">
              <value>
                <![CDATA[problem_user]]>
              </value>
            </param>
            <param index="1">
              <value>
                <![CDATA[secret_sauce]]>
              </value>
            </param>
          </params>
          <reporter-output>
          </reporter-output>
        </test-method> <!-- login -->
      </class> <!-- DataProvider.DPwithExcel -->
    </test> <!-- Default test -->
  </suite> <!-- Default suite -->
</testng-results>
