<?xml version="1.0" encoding="UTF-8"?>
<testng-results ignored="0" total="7" passed="7" failed="0" skipped="0">
  <reporter-output>
  </reporter-output>
  <suite started-at="2024-03-26T08:14:44Z" name="Default suite" finished-at="2024-03-26T08:14:44Z" duration-ms="46">
    <groups>
    </groups>
    <test started-at="2024-03-26T08:14:44Z" name="Default test" finished-at="2024-03-26T08:14:44Z" duration-ms="46">
      <class name="TestNGDemo.TestInvocationCount">
        <test-method signature="testMethod1(org.testng.ITestContext)[pri:0, instance:TestNGDemo.TestInvocationCount@56c4278e]" started-at="2024-03-26T08:14:44Z" name="testMethod1" finished-at="2024-03-26T08:14:44Z" duration-ms="8" status="PASS">
          <params>
            <param index="0">
              <value>
                <![CDATA[org.testng.TestRunner@64bce832]]>
              </value>
            </param>
          </params>
          <reporter-output>
          </reporter-output>
        </test-method> <!-- testMethod1 -->
        <test-method signature="testMethod1(org.testng.ITestContext)[pri:0, instance:TestNGDemo.TestInvocationCount@56c4278e]" started-at="2024-03-26T08:14:44Z" name="testMethod1" finished-at="2024-03-26T08:14:44Z" duration-ms="1" status="PASS">
          <params>
            <param index="0">
              <value>
                <![CDATA[org.testng.TestRunner@64bce832]]>
              </value>
            </param>
          </params>
          <reporter-output>
          </reporter-output>
        </test-method> <!-- testMethod1 -->
        <test-method signature="testMethod2(org.testng.ITestContext)[pri:0, instance:TestNGDemo.TestInvocationCount@56c4278e]" started-at="2024-03-26T08:14:44Z" name="testMethod2" finished-at="2024-03-26T08:14:44Z" duration-ms="1" status="PASS">
          <params>
            <param index="0">
              <value>
                <![CDATA[org.testng.TestRunner@64bce832]]>
              </value>
            </param>
          </params>
          <reporter-output>
          </reporter-output>
        </test-method> <!-- testMethod2 -->
        <test-method signature="testMethod2(org.testng.ITestContext)[pri:0, instance:TestNGDemo.TestInvocationCount@56c4278e]" started-at="2024-03-26T08:14:44Z" name="testMethod2" finished-at="2024-03-26T08:14:44Z" duration-ms="2" status="PASS">
          <params>
            <param index="0">
              <value>
                <![CDATA[org.testng.TestRunner@64bce832]]>
              </value>
            </param>
          </params>
          <reporter-output>
          </reporter-output>
        </test-method> <!-- testMethod2 -->
        <test-method signature="testMethod2(org.testng.ITestContext)[pri:0, instance:TestNGDemo.TestInvocationCount@56c4278e]" started-at="2024-03-26T08:14:44Z" name="testMethod2" finished-at="2024-03-26T08:14:44Z" duration-ms="1" status="PASS">
          <params>
            <param index="0">
              <value>
                <![CDATA[org.testng.TestRunner@64bce832]]>
              </value>
            </param>
          </params>
          <reporter-output>
          </reporter-output>
        </test-method> <!-- testMethod2 -->
        <test-method signature="testMethod2(org.testng.ITestContext)[pri:0, instance:TestNGDemo.TestInvocationCount@56c4278e]" started-at="2024-03-26T08:14:44Z" name="testMethod2" finished-at="2024-03-26T08:14:44Z" duration-ms="2" status="PASS">
          <params>
            <param index="0">
              <value>
                <![CDATA[org.testng.TestRunner@64bce832]]>
              </value>
            </param>
          </params>
          <reporter-output>
          </reporter-output>
        </test-method> <!-- testMethod2 -->
        <test-method signature="testMethod2(org.testng.ITestContext)[pri:0, instance:TestNGDemo.TestInvocationCount@56c4278e]" started-at="2024-03-26T08:14:44Z" name="testMethod2" finished-at="2024-03-26T08:14:44Z" duration-ms="1" status="PASS">
          <params>
            <param index="0">
              <value>
                <![CDATA[org.testng.TestRunner@64bce832]]>
              </value>
            </param>
          </params>
          <reporter-output>
          </reporter-output>
        </test-method> <!-- testMethod2 -->
      </class> <!-- TestNGDemo.TestInvocationCount -->
    </test> <!-- Default test -->
  </suite> <!-- Default suite -->
</testng-results>
