<?xml version="1.0" encoding="UTF-8"?>
<!-- Generated by org.testng.reporters.JUnitXMLReporter -->
<testsuite ignored="0" hostname="DESKTOP-M3ID0UC" failures="0" tests="5" name="Sanity test" time="0.012" errors="0" timestamp="27 Mar 2024 07:20:41 GMT">
  <testcase classname="BatchTesting.HomeScreenTest" name="launchApplication" time="0.001"/>
  <testcase classname="BatchTesting.HomeScreenTest" name="verifyLogo" time="0.0"/>
  <testcase classname="BatchTesting.HomeScreenTest" name="verifyTitle" time="0.001"/>
  <testcase classname="BatchTesting.LoginTest" name="loginByEmail" time="0.001"/>
  <testcase classname="BatchTesting.LoginTest" name="loginByMobileNumber" time="0.002"/>
</testsuite> <!-- Sanity test -->
